<?xml version="1.0" encoding="UTF-8"?>
<!-- Generated by org.testng.reporters.JUnitXMLReporter -->
<testsuite ignored="2" hostname="DESKTOP-VJBNE00" failures="0" tests="7" name="Regression Tests" time="13.001" errors="0" timestamp="2026-06-18T21:29:11 IST">
  <testcase classname="user.UserTest" name="createUserTest" time="2.805"/>
  <testcase classname="user.UserTest" name="getUserTest" time="2.936"/>
  <testcase classname="user.UserTest" name="updateUserTest" time="1.518"/>
  <testcase classname="user.UserTest" name="deleteUserTest" time="1.422"/>
  <testcase classname="store.StoreTest" name="placeOrderTest" time="1.38"/>
  <testcase classname="store.StoreTest" name="getOrderByIdTest" time="1.408"/>
  <testcase classname="store.StoreTest" name="deleteOrderTest" time="1.414"/>
  <testcase classname="base.BaseTest" name="@BeforeSuite setup" time="0.0">
    <ignored/>
  </testcase> <!-- @BeforeSuite setup -->
  <testcase classname="base.BaseTest" name="@AfterSuite tearDown" time="0.0">
    <ignored/>
  </testcase> <!-- @AfterSuite tearDown -->
</testsuite> <!-- Regression Tests -->
