<?xml version="1.0" encoding="UTF-8"?>
<!-- Generated by org.testng.reporters.JUnitReportReporter -->
<testsuite hostname="DESKTOP-VJBNE00" failures="0" tests="3" name="store.StoreTest" time="4.202" errors="0" timestamp="2026-06-18T21:29:11 IST" skipped="0">
  <testcase classname="store.StoreTest" name="placeOrderTest" time="1.380"/>
  <testcase classname="store.StoreTest" name="getOrderByIdTest" time="1.408"/>
  <testcase classname="store.StoreTest" name="deleteOrderTest" time="1.414"/>
</testsuite> <!-- store.StoreTest -->
