<?xml version="1.0" encoding="UTF-8"?>
<!-- Generated by org.testng.reporters.JUnitReportReporter -->
<testsuite hostname="DESKTOP-VJBNE00" failures="0" tests="4" name="user.UserTest" time="8.681" errors="0" timestamp="2026-06-18T21:29:11 IST" skipped="0">
  <testcase classname="user.UserTest" name="createUserTest" time="2.805"/>
  <testcase classname="user.UserTest" name="getUserTest" time="2.936"/>
  <testcase classname="user.UserTest" name="updateUserTest" time="1.518"/>
  <testcase classname="user.UserTest" name="deleteUserTest" time="1.422"/>
</testsuite> <!-- user.UserTest -->
